<?xml version="1.0" encoding="UTF-8"?>
<!-- Generated by org.testng.reporters.JUnitXMLReporter -->
<testsuite ignored="3" hostname="LAPTOP-57BF69PR" failures="0" tests="0" time="0.011" errors="0" timestamp="2023-07-21T14:36:59 IST">
  <testcase classname="com.facebook.test.TestLoginPage" name="invalidcreadlogin" time="0.0">
    <ignored/>
  </testcase> <!-- invalidcreadlogin -->
  <testcase classname="com.facebook.test.TestLoginPage" name="validcreadlogin" time="0.0">
    <ignored/>
  </testcase> <!-- validcreadlogin -->
  <testcase classname="com.facebook.test.TestLoginPage" name="loginempty" time="0.0">
    <ignored/>
  </testcase> <!-- loginempty -->
</testsuite>
