<?xml version="1.0" encoding="UTF-8"?>
<!-- Generated by org.testng.reporters.JUnitXMLReporter -->
<testsuite ignored="0" hostname="LAPTOP-57BF69PR" failures="0" tests="3" name="edge" time="71.83" errors="0" timestamp="2023-07-21T13:47:21 IST">
  <testcase classname="com.facebook.test.TestLoginPage" name="validcreadlogin" time="0.356"/>
  <testcase classname="com.facebook.test.TestLoginPage" name="invalidcreadlogin" time="0.242"/>
  <testcase classname="com.facebook.test.TestLoginPage" name="loginempty" time="0.205"/>
</testsuite> <!-- edge -->
